"../../../Engine/Content/Animation/DefaultAnimCurveCompressionSettings.uasset" 0
"../../../Engine/Content/Functions/Engine_MaterialFunctions01/Opacity/CameraDepthFade.uasset" 1
"../../../Engine/Content/EngineMaterials/T_Default_Material_Grid_M.uasset" 2
"../../../Engine/Content/EngineMaterials/T_Default_Material_Grid_N.uasset" 3
"../../../Engine/Content/EngineMaterials/WorldGridMaterial.uasset" 4
"../../../Engine/Content/ArtTools/RenderToTexture/Meshes/S_1_Unit_Plane.uasset" 5
"../../../Engine/Content/EngineMaterials/DefaultMaterial.uasset" 6
"../../../Engine/Content/BasicShapes/Cone.uasset" 7
"../../../Engine/Content/BasicShapes/Cylinder.uasset" 8
"../../../Engine/Content/BasicShapes/Plane.uasset" 9
"../../../Engine/Content/BasicShapes/Sphere.uasset" 10
"../../../Engine/Content/EditorLandscapeResources/DataLayer.uasset" 11
"../../../Engine/Content/EditorMaterials/MAT_Groups_Toggle.uasset" 12
"../../../Engine/Content/EditorMaterials/MAT_Groups_Visibility.uasset" 13
"../../../Engine/Content/EditorMaterials/PreviewShadowIndicator.uasset" 14
"../../../Engine/Content/EditorMaterials/PreviewShadowIndicatorMaterial.uasset" 15
"../../../Engine/Content/EditorMaterials/MatineeGroups/MAT_ColorTrack.uasset" 16
"../../../Engine/Content/EditorMaterials/MatineeGroups/MAT_Groups_Anim.uasset" 17
"../../../Engine/Content/EditorMaterials/MatineeGroups/MAT_Groups_AudioMaster.uasset" 18
"../../../Engine/Content/EditorMaterials/MatineeGroups/MAT_Groups_Director.uasset" 19
"../../../Engine/Content/EditorMaterials/MatineeGroups/MAT_Groups_Event.uasset" 20
"../../../Engine/Content/EditorMaterials/MatineeGroups/MAT_Groups_Fade.uasset" 21
"../../../Engine/Content/EditorMaterials/MatineeGroups/MAT_Groups_Float.uasset" 22
"../../../Engine/Content/EditorMaterials/MatineeGroups/MAT_Groups_Move.uasset" 23
"../../../Engine/Content/EditorMaterials/MatineeGroups/MAT_Groups_Slomo.uasset" 24
"../../../Engine/Content/EditorMaterials/MatineeGroups/MAT_Groups_Sound.uasset" 25
"../../../Engine/Content/EditorMaterials/MatineeGroups/MAT_Groups_Vector.uasset" 26
"../../../Engine/Content/EditorMaterials/ParticleSystems/PSysThumbnail_NoImage.uasset" 27
"../../../Engine/Content/EditorMaterials/ParticleSystems/PSysThumbnail_OOD.uasset" 28
"../../../Engine/Content/EditorMaterials/Camera/CineMat.uasset" 29
"../../../Engine/Content/EditorMaterials/Camera/MI_CineMat_Rig.uasset" 30
"../../../Engine/Content/EditorMeshes/Camera/SM_CraneRig_Arm.uasset" 31
"../../../Engine/Content/EditorMeshes/Camera/SM_CraneRig_Base.uasset" 32
"../../../Engine/Content/EditorMeshes/Camera/SM_CraneRig_Body.uasset" 33
"../../../Engine/Content/EditorMeshes/Camera/SM_CraneRig_Mount.uasset" 34
"../../../Engine/Content/EditorMeshes/Camera/SM_RailRig_Mount.uasset" 35
"../../../Engine/Content/EditorMeshes/Camera/SM_RailRig_Track.uasset" 36
"../../../Engine/Content/EditorResources/BSPVertex.uasset" 37
"../../../Engine/Content/EditorResources/EmptyActor.uasset" 38
"../../../Engine/Content/EditorResources/S_Actor.uasset" 39
"../../../Engine/Content/EditorResources/S_Note.uasset" 40
"../../../Engine/Content/EditorResources/S_Solver.uasset" 41
"../../../Engine/Content/EditorResources/S_Trigger.uasset" 42
"../../../Engine/Content/EditorResources/AudioIcons/S_AudioComponent_AutoActivate.uasset" 43
"../../../Engine/Content/EditorResources/LightIcons/S_LightError.uasset" 44
"../../../Engine/Content/EditorResources/SequenceRecorder/Countdown.uasset" 45
"../../../Engine/Content/EditorResources/SequenceRecorder/RecordingIndicator.uasset" 46
"../../../Engine/Content/EditorSounds/Notifications/CompileFailed.uasset" 47
"../../../Engine/Content/EditorSounds/Notifications/CompileFailed_Cue.uasset" 48
"../../../Engine/Content/EditorSounds/Notifications/CompileSuccess.uasset" 49
"../../../Engine/Content/EditorSounds/Notifications/CompileStart_Cue.uasset" 50
"../../../Engine/Content/EditorSounds/Notifications/CompileSuccess_Cue.uasset" 51
"../../../Engine/Content/EngineDamageTypes/DmgTypeBP_Environmental.uasset" 52
"../../../Engine/Content/EngineDebugMaterials/DebugEditorMaterial.uasset" 53
"../../../Engine/Content/EngineDebugMaterials/DebugMeshMaterial.uasset" 54
"../../../Engine/Content/EngineDebugMaterials/M_SimpleTranslucent.uasset" 55
"../../../Engine/Content/Functions/Engine_MaterialFunctions02/Utility/CameraDirectionVector.uasset" 56
"../../../Engine/Content/EngineDebugMaterials/VolumeToRender.uasset" 57
"../../../Engine/Content/EngineDebugMaterials/M_VolumeRenderSphereTracePP.uasset" 58
"../../../Engine/Content/EngineDebugMaterials/WireframeMaterial.uasset" 59
"../../../Engine/Content/EngineFonts/Faces/DroidSansFallback.uasset" 60
"../../../Engine/Content/EngineFonts/Faces/RobotoBold.uasset" 61
"../../../Engine/Content/EngineFonts/Faces/RobotoBoldItalic.uasset" 62
"../../../Engine/Content/EngineFonts/Faces/RobotoItalic.uasset" 63
"../../../Engine/Content/EngineFonts/Faces/RobotoLight.uasset" 64
"../../../Engine/Content/EngineFonts/Faces/RobotoRegular.uasset" 65
"../../../Engine/Content/EngineFonts/Roboto.uasset" 66
"../../../Engine/Content/EngineMaterials/BaseFlattenDiffuseMap.uasset" 67
"../../../Engine/Content/EngineMaterials/BaseFlattenEmissiveMap.uasset" 68
"../../../Engine/Content/EngineMaterials/BaseFlattenGrayscaleMap.uasset" 69
"../../../Engine/Content/EngineMaterials/BaseFlattenNormalMap.uasset" 70
"../../../Engine/Content/EngineMaterials/BaseFlattenMaterial.uasset" 71
"../../../Engine/Content/EngineMaterials/BlueNoise.uasset" 72
"../../../Engine/Content/EngineMaterials/DefaultBloomKernel.uasset" 73
"../../../Engine/Content/EngineMaterials/DefaultBokeh.uasset" 74
"../../../Engine/Content/EngineMaterials/DefaultDiffuse.uasset" 75
"../../../Engine/Content/EngineMaterials/DefaultDeferredDecalMaterial.uasset" 76
"../../../Engine/Content/EngineMaterials/DefaultLightFunctionMaterial.uasset" 77
"../../../Engine/Content/EngineMaterials/DefaultPhysicalMaterial.uasset" 78
"../../../Engine/Content/Functions/Engine_MaterialFunctions02/Utility/BreakOutFloat2Components.uasset" 79
"../../../Engine/Content/EngineMaterials/DefaultPostProcessMaterial.uasset" 80
"../../../Engine/Content/EngineFonts/RobotoDistanceField.uasset" 81
"../../../Engine/Content/EngineMaterials/DefaultTextMaterialOpaque.uasset" 82
"../../../Engine/Content/EngineMaterials/DefaultVirtualTextureMaterial.uasset" 83
"../../../Engine/Content/EngineMaterials/DefaultWhiteGrid.uasset" 84
"../../../Engine/Content/EngineMaterials/DefaultWhiteGrid_Low.uasset" 85
"../../../Engine/Content/EngineMaterials/EmissiveMeshMaterial.uasset" 86
"../../../Engine/Content/EngineMaterials/GizmoMaterial.uasset" 87
"../../../Engine/Content/EngineMaterials/Good64x64TilingNoiseHighFreq.uasset" 88
"../../../Engine/Content/EngineMaterials/HairDefaultMaterial.uasset" 89
"../../../Engine/Content/EngineMaterials/MiniFont.uasset" 90
"../../../Engine/Content/EngineMaterials/InvalidLightmapSettings.uasset" 91
"../../../Engine/Content/EngineMaterials/M_InvalidLightmapSettings.uasset" 92
"../../../Engine/Content/Functions/Engine_MaterialFunctions02/WorldPositionOffset/CameraOffset.uasset" 93
"../../../Engine/Content/EngineMaterials/PhAT_JointLimitMaterial.uasset" 94
"../../../Engine/Content/EngineMaterials/PreintegratedSkinBRDF.uasset" 95
"../../../Engine/Content/EngineMaterials/RemoveSurfaceMaterial.uasset" 96
"../../../Engine/Content/EngineMaterials/WeightMapPlaceholderTexture.uasset" 97
"../../../Engine/Content/EngineResources/WhiteSquareTexture.uasset" 98
"../../../Engine/Content/EngineMaterials/Widget3DPassThrough.uasset" 99
"../../../Engine/Content/EngineMaterials/Widget3DPassThrough_Masked.uasset" 100
"../../../Engine/Content/EngineMaterials/Widget3DPassThrough_Opaque.uasset" 101
"../../../Engine/Content/EngineMaterials/Widget3DPassThrough_Masked_OneSided.uasset" 102
"../../../Engine/Content/EngineMaterials/Widget3DPassThrough_Opaque_OneSided.uasset" 103
"../../../Engine/Content/EngineMaterials/Widget3DPassThrough_Translucent.uasset" 104
"../../../Engine/Content/EngineMaterials/Widget3DPassThrough_Translucent_OneSided.uasset" 105
"../../../Engine/Content/EngineMeshes/Cylinder.uasset" 106
"../../../Engine/Content/EngineMeshes/Sphere.uasset" 107
"../../../Engine/Content/EngineResources/Black.uasset" 108
"../../../Engine/Content/EngineResources/DefaultTexture.uasset" 109
"../../../Engine/Content/EngineResources/DefaultTextureCube.uasset" 110
"../../../Engine/Content/EngineResources/DefaultVolumeTexture2D.uasset" 111
"../../../Engine/Content/EngineResources/DefaultVolumeTexture.uasset" 112
"../../../Engine/Content/EngineResources/GradientTexture0.uasset" 113
"../../../Engine/Content/EngineSounds/Master.uasset" 114
"../../../Engine/Content/Functions/Engine_MaterialFunctions01/Shading/ConvertFromDiffSpec.uasset" 115
"../../../Engine/Content/Functions/Engine_MaterialFunctions01/Shading/PowerToRoughness.uasset" 116
"../../../Engine/Content/Maps/Templates/Thumbnails/Default.uasset" 117
"../../../Engine/Content/Maps/Templates/Thumbnails/TimeOfDay.uasset" 118
"../../../Engine/Content/Maps/Templates/Thumbnails/VR-Basic.uasset" 119
"../../../Engine/Content/MobileResources/T_MobileControls_texture.uasset" 120
"../../../Engine/Content/MobileResources/T_MobileMenu2.uasset" 121
"../../../Engine/Content/MobileResources/HUD/AnalogHat.uasset" 122
"../../../Engine/Content/MobileResources/HUD/VirtualJoystick_Background.uasset" 123
"../../../Engine/Content/MobileResources/HUD/VirtualJoystick_Thumb.uasset" 124
"../../../Engine/Content/MobileResources/HUD/DefaultVirtualJoysticks.uasset" 125
"../../../Engine/Content/MobileResources/HUD/LeftVirtualJoystickOnly.uasset" 126
"../../../Engine/Content/MobileResources/HUD/MobileHUDButton1_off.uasset" 127
"../../../Engine/Content/MobileResources/HUD/MobileHUDButton1_on.uasset" 128
"../../../Engine/Content/MobileResources/HUD/MobileHUDButton2_off.uasset" 129
"../../../Engine/Content/MobileResources/HUD/MobileHUDButton2_on.uasset" 130
"../../../Engine/Content/MobileResources/HUD/MobileHUDButton3.uasset" 131
"../../../Engine/Content/MobileResources/HUD/MobileHUDButtonFire.uasset" 132
"../../../Engine/Content/MobileResources/HUD/MobileHUDDirectionPad.uasset" 133
"../../../Engine/Content/MobileResources/HUD/MobileHUDDirectionPad2.uasset" 134
"../../../Engine/Content/MobileResources/HUD/MobileHUDDirectionPad3.uasset" 135
"../../../Engine/Content/MobileResources/HUD/MobileHUDDirectionStick.uasset" 136
"../../../Engine/Content/MobileResources/HUD/T_Castle_ThumbstickInner.uasset" 137
"../../../Engine/Content/MobileResources/HUD/T_Castle_ThumbstickOutter.uasset" 138
"../../../Engine/Content/Tutorial/ContentIntroCurve.uasset" 139
"../../../Engine/Content/Tutorial/Basics/LevelEditorAttract.uasset" 140
"../../../Engine/Content/Tutorial/Basics/TutorialAssets/icon_tab_Levels_40x.uasset" 141
"../../../Engine/Content/Tutorial/Basics/LevelEditorOverview.uasset" 142
"../../../Engine/Content/Tutorial/BlueprintTutorials/TutorialAssets/Blueprint_64x.uasset" 143
"../../../Engine/Content/Tutorial/BlueprintTutorials/BlueprintEditorTutorial.uasset" 144
"../../../Engine/Content/VREditor/LaserPointer/VR_LaserPower_01.uasset" 145
"../../../Engine/Content/VREditor/TransformGizmo/TransformGizmoMaterial.uasset" 146
"../../../Engine/Content/VREditor/TransformGizmo/TranslucentTransformGizmoMaterial.uasset" 147
"../../../Engine/Content/VREditor/TransformGizmo/BoundingBoxCorner.uasset" 148
"../../../Engine/Content/VREditor/TransformGizmo/BoundingBoxEdge.uasset" 149
"../../../Engine/Content/VREditor/TransformGizmo/PlaneTranslationHandle.uasset" 150
"../../../Engine/Content/VREditor/TransformGizmo/Main.uasset" 151
"../../../Engine/Content/VREditor/TransformGizmo/Xray.uasset" 152
"../../../Engine/Content/VREditor/TransformGizmo/SM_Sequencer_Key.uasset" 153
"../../../Engine/Content/VREditor/TransformGizmo/SM_Sequencer_Node.uasset" 154
"../../Plugins/2D/Paper2D/Content/PlaceholderTextures/DummySpriteTexture.uasset" 155
"../../Plugins/2D/Paper2D/Content/DummySprite.uasset" 156
"../../Plugins/2D/Paper2D/Content/DefaultPaperTerrainMaterial.uasset" 157
"../../Plugins/2D/Paper2D/Content/DummySpriteTexture.uasset" 158
"../../Plugins/2D/Paper2D/Content/DefaultSpriteMaterial.uasset" 159
"../../Plugins/2D/Paper2D/Content/MaskedUnlitSpriteMaterial.uasset" 160
"../../Plugins/2D/Paper2D/Content/OpaqueUnlitSpriteMaterial.uasset" 161
"../../../Engine/Content/Functions/Engine_MaterialFunctions02/Utility/BreakOutFloat4Components.uasset" 162
"../../../Engine/Content/Functions/Engine_MaterialFunctions02/Utility/MakeFloat2.uasset" 163
"../../../Engine/Content/Functions/Engine_MaterialFunctions02/Utility/MakeFloat3.uasset" 164
"../../Plugins/Runtime/Oculus/OculusVR/Content/Materials/OculusMR_ChromaKey.uasset" 165
"../../Plugins/Runtime/Oculus/OculusVR/Content/Materials/OculusMR_ChromaKey_Lit.uasset" 166
"../../Plugins/Runtime/Oculus/OculusVR/Content/Materials/OculusMR_OpaqueColoredMaterial.uasset" 167
"../../Plugins/Runtime/Oculus/OculusVR/Content/Materials/OculusMR_WhiteMaterial.uasset" 168
"../../../Engine/Content/EditorBlueprintResources/StandardMacros.uasset" 169
"../../../../projects/RedPlaneStunts 4.24/Content/Extra_Materials/smoke.uasset" 170
"../../../../projects/RedPlaneStunts 4.24/Content/Extra_Materials/Smoke_color.uasset" 171
"../../../../projects/RedPlaneStunts 4.24/Content/Extra_Materials/PlaneWingSmoke.uasset" 172
"../../../../projects/RedPlaneStunts 4.24/Content/Saving_Game/Save_game.uasset" 173
"../../../../projects/RedPlaneStunts 4.24/Content/Hud/UI/background.uasset" 174
"../../../../projects/RedPlaneStunts 4.24/Content/Hud/UI/backofffast.uasset" 175
"../../../../projects/RedPlaneStunts 4.24/Content/Hud/UI/LevelButton.uasset" 176
"../../../../projects/RedPlaneStunts 4.24/Content/Sound/Menubuttons.uasset" 177
"../../../../projects/RedPlaneStunts 4.24/Content/Hud/Level_Select.uasset" 178
"../../../../projects/RedPlaneStunts 4.24/Content/Hud/UI/MainMenuFinal.uasset" 179
"../../../../projects/RedPlaneStunts 4.24/Content/Hud/UI/plane.uasset" 180
"../../../../projects/RedPlaneStunts 4.24/Content/Hud/Main_Menu.uasset" 181
"../../../../projects/RedPlaneStunts 4.24/Content/Hud/UI/CrashedFailed.uasset" 182
"../../../../projects/RedPlaneStunts 4.24/Content/Hud/Crash.uasset" 183
"../../../../projects/RedPlaneStunts 4.24/Content/Hud/UI/playbutton.uasset" 184
"../../../../projects/RedPlaneStunts 4.24/Content/Hud/Game_Pause.uasset" 185
"../../../../projects/RedPlaneStunts 4.24/Content/Hud/UI/Pause.uasset" 186
"../../../../projects/RedPlaneStunts 4.24/Content/Hud/Pause.uasset" 187
"../../../../projects/RedPlaneStunts 4.24/Content/Props/Plane/LowPolyPlane_Color.uasset" 188
"../../../../projects/RedPlaneStunts 4.24/Content/Props/Plane/PlaneTexture.uasset" 189
"../../../../projects/RedPlaneStunts 4.24/Content/Props/Plane/BigWingL.uasset" 190
"../../../../projects/RedPlaneStunts 4.24/Content/Props/Plane/BigWingR.uasset" 191
"../../../../projects/RedPlaneStunts 4.24/Content/Props/Plane/Custom.uasset" 192
"../../../../projects/RedPlaneStunts 4.24/Content/Props/Plane/Plane.uasset" 193
"../../../../projects/RedPlaneStunts 4.24/Content/Props/Plane/Propeller.uasset" 194
"../../../../projects/RedPlaneStunts 4.24/Content/Props/Plane/Rudder.uasset" 195
"../../../../projects/RedPlaneStunts 4.24/Content/Props/Plane/SmallWingL.uasset" 196
"../../../../projects/RedPlaneStunts 4.24/Content/Props/Plane/SmallWingR.uasset" 197
"../../../../projects/RedPlaneStunts 4.24/Content/Sound/planesound.uasset" 198
"../../../../projects/RedPlaneStunts 4.24/Content/Sound/Plane_Sound.uasset" 199
"../../../../projects/RedPlaneStunts 4.24/Content/Sound/PlaneCrash.uasset" 200
"../../../../projects/RedPlaneStunts 4.24/Content/Plane_go.uasset" 201
"../../../Engine/Content/EngineSky/C_Sky_Cloud_Color.uasset" 202
"../../../Engine/Content/EngineSky/C_Sky_Horizon_Color.uasset" 203
"../../../Engine/Content/EngineSky/C_Sky_Zenith_Color.uasset" 204
"../../../Engine/Content/EngineSky/T_Sky_Blue.uasset" 205
"../../../Engine/Content/EngineSky/T_Sky_Clouds_M.uasset" 206
"../../../Engine/Content/EngineSky/T_Sky_Stars.uasset" 207
"../../../Engine/Content/EngineSky/M_Sky_Panning_Clouds2.uasset" 208
"../../../Engine/Content/EngineSky/SM_SkySphere.uasset" 209
"../../../Engine/Content/EngineSky/BP_Sky_Sphere.uasset" 210
"../../../../projects/RedPlaneStunts 4.24/Content/Checkpoint/Checkpoint_color.uasset" 211
"../../../Engine/Content/BasicShapes/Cube.uasset" 212
"../../../../projects/RedPlaneStunts 4.24/Content/Sound/checkpoint.uasset" 213
"../../../../projects/RedPlaneStunts 4.24/Content/Checkpoint/Checkpoints.uasset" 214
"../../../../projects/RedPlaneStunts 4.24/Content/Props/Water/water_color.uasset" 215
"../../../../projects/RedPlaneStunts 4.24/Content/Props/Water/water_normal.uasset" 216
"../../../../projects/RedPlaneStunts 4.24/Content/Props/Water/Ocean1.uasset" 217
"../../../../projects/RedPlaneStunts 4.24/Content/Props/Water/Low_Poly_Plane.uasset" 218
"../../../../projects/RedPlaneStunts 4.24/Content/Props/Water/Ocean.uasset" 219
"../../../../projects/RedPlaneStunts 4.24/Content/Maps/Level1_BuiltData.uasset" 220
"../../../../projects/RedPlaneStunts 4.24/Content/Props/Cone/FinishCone.uasset" 221
"../../../../projects/RedPlaneStunts 4.24/Content/Props/Cone/FinishCone_Mat.uasset" 222
"../../../../projects/RedPlaneStunts 4.24/Content/Props/Cone/PathCone.uasset" 223
"../../../../projects/RedPlaneStunts 4.24/Content/Props/Cone/PathCone_2.uasset" 224
"../../../../projects/RedPlaneStunts 4.24/Content/Hud/UI/LevelDone.uasset" 225
"../../../../projects/RedPlaneStunts 4.24/Content/Hud/Level_Complete.uasset" 226
"../../../../projects/RedPlaneStunts 4.24/Content/Props/Bridge/Obstacle_Bridge.uasset" 227
"../../../../projects/RedPlaneStunts 4.24/Content/Props/Bridge/Bridge1.uasset" 228
"../../../../projects/RedPlaneStunts 4.24/Content/Props/Bridge/Bridge.uasset" 229
"../../../../projects/RedPlaneStunts 4.24/Content/Props/Cone/Pole_Golden.uasset" 230
"../../../../projects/RedPlaneStunts 4.24/Content/Props/Cone/StarCone.uasset" 231
"../../../../projects/RedPlaneStunts 4.24/Content/Props/Cone/Wining_Cone.uasset" 232
"../../../../projects/RedPlaneStunts 4.24/Content/Props/Rings/Ring_Blue.uasset" 233
"../../../../projects/RedPlaneStunts 4.24/Content/Props/Rings/Ring2.uasset" 234
"../../../../projects/RedPlaneStunts 4.24/Content/Props/Rings/Blue_Ring.uasset" 235
"../../../../projects/RedPlaneStunts 4.24/Content/Props/Rings/Ring_Yellow.uasset" 236
"../../../../projects/RedPlaneStunts 4.24/Content/Props/Rings/Ring1.uasset" 237
"../../../../projects/RedPlaneStunts 4.24/Content/Props/Rings/Yellow_Ring.uasset" 238
"../../../../projects/RedPlaneStunts 4.24/Content/Props/World_End/world_border.uasset" 239
"../../../../projects/RedPlaneStunts 4.24/Content/Props/World_End/World_End.uasset" 240
"../../../../projects/RedPlaneStunts 4.24/Content/Sound/complete.uasset" 241
"../../../../projects/RedPlaneStunts 4.24/Content/Maps/Level1.umap" 242
"../../../../projects/RedPlaneStunts 4.24/Content/Maps/Start_Screen.umap" 243
"../../../../projects/RedPlaneStunts 4.24/Content/Maps/Maps/Level10_BuiltData.uasset" 244
"../../../../projects/RedPlaneStunts 4.24/Content/Sound/LevelComplete.uasset" 245
"../../../../projects/RedPlaneStunts 4.24/Content/Maps/Maps/Level10.umap" 246
"../../../../projects/RedPlaneStunts 4.24/Content/Maps/Maps/Level11_BuiltData.uasset" 247
"../../../../projects/RedPlaneStunts 4.24/Content/Sound/level_complete.uasset" 248
"../../../../projects/RedPlaneStunts 4.24/Content/Maps/Maps/Level11.umap" 249
"../../../../projects/RedPlaneStunts 4.24/Content/Maps/Maps/Level12_BuiltData.uasset" 250
"../../../../projects/RedPlaneStunts 4.24/Content/Maps/Maps/Level12.umap" 251
"../../../../projects/RedPlaneStunts 4.24/Content/Maps/Maps/Level13_BuiltData.uasset" 252
"../../../../projects/RedPlaneStunts 4.24/Content/Maps/Maps/Level13.umap" 253
"../../../../projects/RedPlaneStunts 4.24/Content/Maps/Maps/Level14_BuiltData.uasset" 254
"../../../../projects/RedPlaneStunts 4.24/Content/Maps/Maps/Level14.umap" 255
"../../../../projects/RedPlaneStunts 4.24/Content/Maps/Maps/Level15_BuiltData.uasset" 256
"../../../../projects/RedPlaneStunts 4.24/Content/Hud/LastLevel.uasset" 257
"../../../../projects/RedPlaneStunts 4.24/Content/Sound/lastlevel.uasset" 258
"../../../../projects/RedPlaneStunts 4.24/Content/Maps/Maps/Level15.umap" 259
"../../../../projects/RedPlaneStunts 4.24/Content/Maps/Maps/Level2_BuiltData.uasset" 260
"../../../../projects/RedPlaneStunts 4.24/Content/Maps/Maps/Level2.umap" 261
"../../../../projects/RedPlaneStunts 4.24/Content/Maps/Maps/Level3_BuiltData.uasset" 262
"../../../../projects/RedPlaneStunts 4.24/Content/Maps/Maps/Level3.umap" 263
"../../../../projects/RedPlaneStunts 4.24/Content/Maps/Maps/Level4_BuiltData.uasset" 264
"../../../../projects/RedPlaneStunts 4.24/Content/Maps/Maps/Level4.umap" 265
"../../../../projects/RedPlaneStunts 4.24/Content/Maps/Maps/Level5_BuiltData.uasset" 266
"../../../../projects/RedPlaneStunts 4.24/Content/Maps/Maps/Level5.umap" 267
"../../../../projects/RedPlaneStunts 4.24/Content/Maps/Maps/Level6_BuiltData.uasset" 268
"../../../../projects/RedPlaneStunts 4.24/Content/Maps/Maps/Level6.umap" 269
"../../../../projects/RedPlaneStunts 4.24/Content/Maps/Maps/Level7_BuiltData.uasset" 270
"../../../../projects/RedPlaneStunts 4.24/Content/Maps/Maps/Level7.umap" 271
"../../../../projects/RedPlaneStunts 4.24/Content/Maps/Maps/Level8_BuiltData.uasset" 272
"../../../../projects/RedPlaneStunts 4.24/Content/Maps/Maps/Level8.umap" 273
"../../../../projects/RedPlaneStunts 4.24/Content/Maps/Maps/Level9_BuiltData.uasset" 274
"../../../../projects/RedPlaneStunts 4.24/Content/Maps/Maps/Level9.umap" 275
"../../../Engine/Content/Maps/Entry_BuiltData.uasset" 276
"../../../Engine/Content/Maps/Entry.umap" 277
